Removed Pin From Net: NetName=GND Pin=LS1-2
Removed Pin From Net: NetName=BUZZER Pin=R1-1
Removed Member From Class: ClassName=TopBoard Member=LS1
Removed Member From Class: ClassName=TopBoard Member=R1
Added Component: Designator=D?(SOT563)
Add component (AddParameter): Name = "Manufacturer"; Value = "Würth"; VariantName = "[No Variations]"
Add component (AddParameter): Name = "Manufacturer 2"; Value = "Bourns"; VariantName = "[No Variations]"
Add component (AddParameter): Name = "OrderingCode"; Value = "82400152"; VariantName = "[No Variations]"
Add component (AddParameter): Name = "OrderingCode 2"; Value = "CDSOT563-0502"; VariantName = "[No Variations]"
Add component (AddParameter): Name = "Part Number"; Value = "USB ESD Single"; VariantName = "[No Variations]"
Add component (AddParameter): Name = "Price (€)"; Value = "0,1"; VariantName = "[No Variations]"
Add component (AddParameter): Name = "Supplier"; Value = "Würth"; VariantName = "[No Variations]"
Add component (AddParameter): Name = "Temp_ Max"; Value = "125"; VariantName = "[No Variations]"
Add component (AddParameter): Name = "Temp_ Min"; Value = "-40"; VariantName = "[No Variations]"
Added Component: Designator=D?(DO-214AC-SMA_Unidir)
Add component (AddParameter): Name = "Breakdown Voltage"; Value = "6,7Vdc"; VariantName = "[No Variations]"
Add component (AddParameter): Name = "Manufacturer"; Value = "WE"; VariantName = "[No Variations]"
Add component (AddParameter): Name = "OrderingCode"; Value = "824500500"; VariantName = "[No Variations]"
Add component (AddParameter): Name = "Overvoltage Current"; Value = "43,5A"; VariantName = "[No Variations]"
Add component (AddParameter): Name = "Part Number"; Value = "TVS 5Vdc Unidir SMA"; VariantName = "[No Variations]"
Add component (AddParameter): Name = "Price (€)"; Value = "0,108"; VariantName = "[No Variations]"
Add component (AddParameter): Name = "Temp_ Max"; Value = "150"; VariantName = "[No Variations]"
Add component (AddParameter): Name = "Temp_ Min"; Value = "-65"; VariantName = "[No Variations]"
Add component (AddParameter): Name = "Voltage"; Value = "5Vdc"; VariantName = "[No Variations]"
Added Component: Designator=LS?(BUZZER)
Added Component: Designator=R?(FP-ERJ3G-MFG)
Add component (AddParameter): Name = "Automotive"; Value = "Yes"; VariantName = "[No Variations]"
Add component (AddParameter): Name = "Automotive Grade"; Value = "Grade 0"; VariantName = "[No Variations]"
Add component (AddParameter): Name = "Category"; Value = "Res"; VariantName = "[No Variations]"
Add component (AddParameter): Name = "ComponentLink2Description"; Value = "Datasheet"; VariantName = "[No Variations]"
Add component (AddParameter): Name = "ComponentLink2URL"; Value = "https://industrial.panasonic.com/cdbs/www-data/pdf/RDA0000/AOA0000C301.pdf"; VariantName = "[No Variations]"
Add component (AddParameter): Name = "Composition"; Value = "Thick Film"; VariantName = "[No Variations]"
Add component (AddParameter): Name = "Device Class L1"; Value = "Passive Components"; VariantName = "[No Variations]"
Add component (AddParameter): Name = "Device Class L2"; Value = "Resistors"; VariantName = "[No Variations]"
Add component (AddParameter): Name = "Device Class L3"; Value = "Chip SMD Resistors"; VariantName = "[No Variations]"
Add component (AddParameter): Name = "Digikey Description"; Value = "RES SMD 1K OHM 5% 1/10W 0603"; VariantName = "[No Variations]"
Add component (AddParameter): Name = "Footprint Url"; Value = "https://industrial.panasonic.com/cdbs/www-data/pdf/RDA0000/DMA0000COL17.pdf"; VariantName = "[No Variations]"
Add component (AddParameter): Name = "Height"; Value = "0.55mm"; VariantName = "[No Variations]"
Add component (AddParameter): Name = "Ipc Land Pattern Name"; Value = "RESC16080X45"; VariantName = "[No Variations]"
Add component (AddParameter): Name = "Lead Free"; Value = "Yes"; VariantName = "[No Variations]"
Add component (AddParameter): Name = "Manufacturer"; Value = "Panasonic"; VariantName = "[No Variations]"
Add component (AddParameter): Name = "Manufacturer Part Number"; Value = "ERJ-3GEYJ102V"; VariantName = "[No Variations]"
Add component (AddParameter): Name = "Mounting Type"; Value = "surface mount"; VariantName = "[No Variations]"
Add component (AddParameter): Name = "Mouser Description"; Value = "Res Thick Film 0603 1K Ohm 5% 1/10W ±200ppm/°C Molded SMD Punched Carrier T/R"; VariantName = "[No Variations]"
Add component (AddParameter): Name = "Octopart"; Value = "https://octopart.com/erj-3geyj102v-panasonic-55403670"; VariantName = "[No Variations]"
Add component (AddParameter): Name = "Package"; Value = "ERJ3G"; VariantName = "[No Variations]"
Add component (AddParameter): Name = "Power Rating"; Value = "0.1W"; VariantName = "[No Variations]"
Add component (AddParameter): Name = "Resistance"; Value = "1000O"; VariantName = "[No Variations]"
Add component (AddParameter): Name = "RoHS"; Value = "TRUE"; VariantName = "[No Variations]"
Add component (AddParameter): Name = "Series"; Value = "ERJ"; VariantName = "[No Variations]"
Add component (AddParameter): Name = "Temperature"; Value = "-55°C to +155°C"; VariantName = "[No Variations]"
Add component (AddParameter): Name = "Temperature Coefficient"; Value = "200ppm/°C"; VariantName = "[No Variations]"
Add component (AddParameter): Name = "Temperature Range High"; Value = "+155°C"; VariantName = "[No Variations]"
Add component (AddParameter): Name = "Temperature Range Low"; Value = "-55°C"; VariantName = "[No Variations]"
Add component (AddParameter): Name = "Tolerance"; Value = "5%"; VariantName = "[No Variations]"
Add component (AddParameter): Name = "Value"; Value = "1000O"; VariantName = "[No Variations]"
Add component (AddParameter): Name = "Voltage"; Value = "75 V"; VariantName = "[No Variations]"
Add component (AddParameter): Name = "Voltage Rating"; Value = "75V"; VariantName = "[No Variations]"
Added Pin To Net: NetName=D_P Pin=D?-1
Added Pin To Net: NetName=GND Pin=D?-2
Added Pin To Net: NetName=D_N Pin=D?-3
Added Pin To Net: NetName=D_N Pin=D?-4
Added Pin To Net: NetName=5V_USB Pin=D?-5
Added Pin To Net: NetName=D_P Pin=D?-6
Added Pin To Net: NetName=GND Pin=D?-A
Added Pin To Net: NetName=5V_USB Pin=D?-K
Added Pin To Net: NetName=GND Pin=LS?-2
Added Pin To Net: NetName=BUZZER Pin=R?-1
Added Pin To Net: NetName=NetLS?_1 Pin=LS?-1
Added Pin To Net: NetName=NetLS?_1 Pin=R?-2
Added Net: Name=NetLS?_1
Change Class Name : Old Net Name=ESP32 New Net Name=ESP32, LED and Buttoms
Change Class Name : Old Net Name=Modules New Net Name=Screen, IMU and IR
Added Class: Name=Buzzer & Spotlights
Added Member To Class: ClassName=USBToTTL Member=Component D? ESDUSB
Added Member To Class: ClassName=USBToTTL Member=Component D? SMA 5.0V
Added Room: Name=Buzzer & Spotlights
Added Room: Name=ESP32, LED and Buttoms
Added Room: Name=Screen, IMU and IR
