Added Component: Designator=J2(HDRV4W50P0X200_1X4_800X200X525P)
Add component (AddParameter): Name = "Arrow Part Number"; Value = ""; VariantName = "[No Variations]"
Add component (AddParameter): Name = "Arrow Price/Stock"; Value = ""; VariantName = "[No Variations]"
Add component (AddParameter): Name = "Datasheet Link"; Value = "https://cdn.harwin.com/pdfs/M22-251.pdf"; VariantName = "[No Variations]"
Add component (AddParameter): Name = "Height"; Value = "5.25mm"; VariantName = "[No Variations]"
Add component (AddParameter): Name = "Manufacturer_Name"; Value = "Harwin"; VariantName = "[No Variations]"
Add component (AddParameter): Name = "Manufacturer_Part_Number"; Value = "M22-2510405"; VariantName = "[No Variations]"
Add component (AddParameter): Name = "Mouser Part Number"; Value = "855-M22-2510405"; VariantName = "[No Variations]"
Add component (AddParameter): Name = "Mouser Price/Stock"; Value = "https://www.mouser.co.uk/ProductDetail/Harwin/M22-2510405?qs=vF78I%252BjhbY9z7PsFZBZ5CA%3D%3D"; VariantName = "[No Variations]"
Added Component: Designator=J3(HDRV4W50P0X200_1X4_800X200X525P)
Add component (AddParameter): Name = "Arrow Part Number"; Value = ""; VariantName = "[No Variations]"
Add component (AddParameter): Name = "Arrow Price/Stock"; Value = ""; VariantName = "[No Variations]"
Add component (AddParameter): Name = "Datasheet Link"; Value = "https://cdn.harwin.com/pdfs/M22-251.pdf"; VariantName = "[No Variations]"
Add component (AddParameter): Name = "Height"; Value = "5.25mm"; VariantName = "[No Variations]"
Add component (AddParameter): Name = "Manufacturer_Name"; Value = "Harwin"; VariantName = "[No Variations]"
Add component (AddParameter): Name = "Manufacturer_Part_Number"; Value = "M22-2510405"; VariantName = "[No Variations]"
Add component (AddParameter): Name = "Mouser Part Number"; Value = "855-M22-2510405"; VariantName = "[No Variations]"
Add component (AddParameter): Name = "Mouser Price/Stock"; Value = "https://www.mouser.co.uk/ProductDetail/Harwin/M22-2510405?qs=vF78I%252BjhbY9z7PsFZBZ5CA%3D%3D"; VariantName = "[No Variations]"
Added Pin To Net: NetName=MOT1_2B Pin=J2-1
Added Pin To Net: NetName=MOT1_2A Pin=J2-2
Added Pin To Net: NetName=MOT1_1A Pin=J2-3
Added Pin To Net: NetName=MOT1_1B Pin=J2-4
Added Pin To Net: NetName=MOT2_2B Pin=J3-1
Added Pin To Net: NetName=MOT2_2A Pin=J3-2
Added Pin To Net: NetName=MOT2_1A Pin=J3-3
Added Pin To Net: NetName=MOT2_1B Pin=J3-4
Added Pin To Net: NetName=+3V3 Pin=R1-2
Added Pin To Net: NetName=+3V3 Pin=R2-2
Added Member To Class: ClassName=Motor Drivers A4988 Member=Component J2 PIN HEADER 4x1
Added Member To Class: ClassName=Motor Drivers A4988 Member=Component J3 PIN HEADER 4x1
