Change Component Footprint: Designator=MD? Old Footprint=FP-ESP32-WROOM-32D-MFG New Footprint=FP-ESP32-WROOM-32D-MFG
Added Component: Designator=TP?(TestPoint)
Added Component: Designator=TP?(TestPoint)
Added Component: Designator=TP?(TestPoint)
Added Component: Designator=TP?(TestPoint)
Added Pin To Net: NetName=EN Pin=MD?-3
Added Pin To Net: NetName=D1_STEP Pin=MD?-14
Added Pin To Net: NetName=D1_DIR Pin=MD?-16
Added Pin To Net: NetName=D2_STEP Pin=MD?-23
Added Pin To Net: NetName=IO2 Pin=MD?-24
Added Pin To Net: NetName=IO0 Pin=MD?-25
Added Pin To Net: NetName=IR_SIG Pin=MD?-26
Added Pin To Net: NetName=D2_DIR Pin=MD?-27
Added Pin To Net: NetName=D1_EN Pin=MD?-29
Added Pin To Net: NetName=+11V1 Pin=TP?-1
Added Pin To Net: NetName=GND Pin=TP?-1
Added Pin To Net: NetName=RX Pin=TP?-1
Added Pin To Net: NetName=BUZZER Pin=MD?-28
Added Net: Name=BUZZER
Added Pin To Net: NetName=D2_EN Pin=MD?-13
Added Net: Name=D2_EN
Added Member To Class: ClassName=ESP32, BUZZER, LED and Buttoms Member=Component R? 1k1
Added Member To Class: ClassName=ESP32, BUZZER, LED and Buttoms Member=Component R? 1k1
Added Member To Class: ClassName=ESP32, BUZZER, LED and Buttoms Member=Component TP? Test point
Added Member To Class: ClassName=ESP32, BUZZER, LED and Buttoms Member=Component TP? Test point
Added Member To Class: ClassName=ESP32, BUZZER, LED and Buttoms Member=Component TP? Test point
Added Member To Class: ClassName=ESP32, BUZZER, LED and Buttoms Member=Component TP? Test point
Added Member To Class: ClassName=ESP32, BUZZER, LED and Buttoms Member=Component TP? Test point
Added Member To Class: ClassName=Power Member=Component TP? Test point
