Removed Pin From Net: NetName=+3V3 Pin=C2-1
Removed Pin From Net: NetName=GND Pin=C2-2
Removed Pin From Net: NetName=EN Pin=C3-1
Removed Pin From Net: NetName=GND Pin=C3-2
Removed Pin From Net: NetName=GND Pin=D2-2
Removed Pin From Net: NetName=GND Pin=D3-A
Removed Pin From Net: NetName=GND Pin=J3-5
Removed Pin From Net: NetName=GND Pin=J3-6
Removed Pin From Net: NetName=GND Pin=J3-7
Removed Pin From Net: NetName=GND Pin=J3-8
Removed Pin From Net: NetName=GND Pin=J3-9
Removed Pin From Net: NetName=GND Pin=J3-10
Removed Pin From Net: NetName=GND Pin=J3-11
Removed Pin From Net: NetName=GND Pin=J3-S1
Removed Pin From Net: NetName=GND Pin=J3-S2
Removed Pin From Net: NetName=RX Pin=MD1-35
Removed Pin From Net: NetName=EN Pin=Q1-2
Removed Pin From Net: NetName=IO0 Pin=Q2-2
Removed Pin From Net: NetName=RX Pin=TP4-1
Removed Pin From Net: NetName=+3V3 Pin=TP9-1
Removed Pin From Net: NetName=GND Pin=TP10-1
Removed Pin From Net: NetName=GND Pin=U1-1
Removed Pin From Net: NetName=RX Pin=U1-3
Removed Pin From Net: NetName=+3V3 Pin=U1-4
Removed Pin From Net: NetName=+3V3 Pin=U1-16
Added Pin To Net: NetName=RX Pin=MD1-34
Added Pin To Net: NetName=RX Pin=TP5-1
Added Pin To Net: NetName=TX Pin=MD1-35
Added Pin To Net: NetName=TX Pin=TP4-1
Added Net: Name=TX
