Added Component: Designator=TP?(TestPoint)
Added Component: Designator=TP?(TestPoint)
Added Component: Designator=TP?(TestPoint)
Added Component: Designator=TP?(TestPoint)
Added Component: Designator=TP?(TestPoint)
Added Component: Designator=TP?(TestPoint)
Added Component: Designator=TP?(TestPoint)
Added Component: Designator=TP?(TestPoint)
Added Component: Designator=TP?(TestPoint)
Added Component: Designator=TP?(TestPoint)
Added Component: Designator=TP?(TestPoint)
Added Component: Designator=TP?(TestPoint)
Added Pin To Net: NetName=+3V3 Pin=R1-2
Added Pin To Net: NetName=+3V3 Pin=R2-2
Added Member To Class: ClassName=ESP32 Member=Component TP? Test point
Added Member To Class: ClassName=ESP32 Member=Component TP? Test point
Added Member To Class: ClassName=ESP32 Member=Component TP? Test point
Added Member To Class: ClassName=ESP32 Member=Component TP? Test point
Added Member To Class: ClassName=ESP32 Member=Component TP? Test point
Added Member To Class: ClassName=ESP32 Member=Component TP? Test point
Added Member To Class: ClassName=ESP32 Member=Component TP? Test point
Added Member To Class: ClassName=Power Member=Component TP? Test point
Added Member To Class: ClassName=Power Member=Component TP? Test point
Added Member To Class: ClassName=Power Member=Component TP? Test point
Added Member To Class: ClassName=USBToTTL Member=Component TP? Test point
Added Member To Class: ClassName=USBToTTL Member=Component TP? Test point
