Removed Pin From Net: NetName=+3V3 Pin=TP1-1
Removed Pin From Net: NetName=SDA Pin=TP2-1
Removed Pin From Net: NetName=SCL Pin=TP3-1
Removed Pin From Net: NetName=ESP32_TX Pin=TP4-1
Removed Pin From Net: NetName=ESP32_RX Pin=TP5-1
Removed Pin From Net: NetName=GND Pin=TP6-1
Removed Pin From Net: NetName=+3V3 Pin=TP7-1
Removed Pin From Net: NetName=D_N Pin=TP8-1
Removed Pin From Net: NetName=GND Pin=TP9-1
Removed Pin From Net: NetName=D_P Pin=TP10-1
Removed Pin From Net: NetName=+11V1 Pin=TP11-1
Removed Pin From Net: NetName=GND Pin=TP12-1
Removed Member From Class: ClassName=ESP32 Member=TP1
Removed Member From Class: ClassName=ESP32 Member=TP2
Removed Member From Class: ClassName=ESP32 Member=TP3
Removed Member From Class: ClassName=ESP32 Member=TP4
Removed Member From Class: ClassName=ESP32 Member=TP5
Removed Member From Class: ClassName=ESP32 Member=TP6
Removed Member From Class: ClassName=USBToTTL Member=TP7
Removed Member From Class: ClassName=USBToTTL Member=TP8
Removed Member From Class: ClassName=USBToTTL Member=TP9
Removed Member From Class: ClassName=USBToTTL Member=TP10
Removed Member From Class: ClassName=Power Member=TP11
Removed Member From Class: ClassName=Power Member=TP12
Added Pin To Net: NetName=SDA Pin=R1-2
Added Pin To Net: NetName=SCL Pin=R2-2
