Removed Pin From Net: NetName=GND Pin=D1-2
Removed Pin From Net: NetName=D_N Pin=D1-4
Removed Pin From Net: NetName=D_P Pin=D1-6
Removed Pin From Net: NetName=GND Pin=D2-1
Removed Pin From Net: NetName=D_N Pin=J1-2
Removed Pin From Net: NetName=D_P Pin=J1-3
Removed Pin From Net: NetName=GND Pin=J1-5
Removed Pin From Net: NetName=GND Pin=J1-6
Removed Pin From Net: NetName=GND Pin=J1-7
Removed Pin From Net: NetName=GND Pin=J1-8
Removed Pin From Net: NetName=GND Pin=J1-9
Removed Pin From Net: NetName=GND Pin=J1-10
Removed Pin From Net: NetName=GND Pin=J1-11
Removed Pin From Net: NetName=GND Pin=J1-S1
Removed Pin From Net: NetName=GND Pin=J1-S2
Added Pin To Net: NetName=5V_USB Pin=D1-5
Added Pin To Net: NetName=5V_USB Pin=J1-1
Added Pin To Net: NetName=+3V3 Pin=R1-2
Added Pin To Net: NetName=+3V3 Pin=R2-2
Added Pin To Net: NetName=GND_USB Pin=D1-2
Added Pin To Net: NetName=GND_USB Pin=D2-1
Added Pin To Net: NetName=GND_USB Pin=J1-5
Added Pin To Net: NetName=GND_USB Pin=J1-6
Added Pin To Net: NetName=GND_USB Pin=J1-7
Added Pin To Net: NetName=GND_USB Pin=J1-8
Added Pin To Net: NetName=GND_USB Pin=J1-9
Added Pin To Net: NetName=GND_USB Pin=J1-10
Added Pin To Net: NetName=GND_USB Pin=J1-11
Added Pin To Net: NetName=GND_USB Pin=J1-S1
Added Pin To Net: NetName=GND_USB Pin=J1-S2
Added Net: Name=GND_USB
Added Pin To Net: NetName=NetD1_4 Pin=D1-4
Added Pin To Net: NetName=NetD1_4 Pin=J1-2
Added Net: Name=NetD1_4
Added Pin To Net: NetName=NetD1_6 Pin=D1-6
Added Pin To Net: NetName=NetD1_6 Pin=J1-3
Added Net: Name=NetD1_6
