Replace Part C? Polarised Capacitor in C:\Users\pedro\Documents\Grado\Cuarto\TCI\Proyecto_robot\Proyecto\Balancing-Robot\TopBoard\SCH\Esp32.SchDoc with Polarised Capacitor from Celestial Altium Library - altium_library.DbLib
Replace Part D1 LED in C:\Users\pedro\Documents\Grado\Cuarto\TCI\Proyecto_robot\Proyecto\Balancing-Robot\TopBoard\SCH\Esp32.SchDoc with LED from Celestial Altium Library - altium_library.DbLib
Replace Part LS1 Buzzer in C:\Users\pedro\Documents\Grado\Cuarto\TCI\Proyecto_robot\Proyecto\Balancing-Robot\TopBoard\SCH\Esp32.SchDoc with Buzzer from board_guarreta_V00.SCHLIB
Replace Part MD1 CMP-194065-000003-1 in C:\Users\pedro\Documents\Grado\Cuarto\TCI\Proyecto_robot\Proyecto\Balancing-Robot\TopBoard\SCH\Esp32.SchDoc with CMP-194065-000003-1 from TopBoardLib.SCHLIB
Update Managed Component R1 From CMP-2000-02978-2[CRCW06031K10JNEA] To CMP-2000-02978-2[CRCW06031K10JNEA] in Esp32.SchDoc
Update Managed Component R2 From CMP-2000-02978-2[CRCW06031K10JNEA] To CMP-2000-02978-2[CRCW06031K10JNEA] in Esp32.SchDoc
Update Managed Component R3 From CMP-2000-00703-2[ERJ-3GEYJ102V] To CMP-2000-00703-2[ERJ-3GEYJ102V] in Esp32.SchDoc
Replace Part R4 Resistor in C:\Users\pedro\Documents\Grado\Cuarto\TCI\Proyecto_robot\Proyecto\Balancing-Robot\TopBoard\SCH\Esp32.SchDoc with Resistor from Celestial Altium Library - altium_library.DbLib
Replace Part R5 Resistor in C:\Users\pedro\Documents\Grado\Cuarto\TCI\Proyecto_robot\Proyecto\Balancing-Robot\TopBoard\SCH\Esp32.SchDoc with Resistor from Celestial Altium Library - altium_library.DbLib
Replace Part R6 Resistor in C:\Users\pedro\Documents\Grado\Cuarto\TCI\Proyecto_robot\Proyecto\Balancing-Robot\TopBoard\SCH\Esp32.SchDoc with Resistor from Celestial Altium Library - altium_library.DbLib
Replace Part R7 Resistor in C:\Users\pedro\Documents\Grado\Cuarto\TCI\Proyecto_robot\Proyecto\Balancing-Robot\TopBoard\SCH\Esp32.SchDoc with Resistor from Celestial Altium Library - altium_library.DbLib
Replace Part R8 Resistor in C:\Users\pedro\Documents\Grado\Cuarto\TCI\Proyecto_robot\Proyecto\Balancing-Robot\TopBoard\SCH\Esp32.SchDoc with Resistor from Celestial Altium Library - altium_library.DbLib
Replace Part SW1 CMP-2000-07501-1 in C:\Users\pedro\Documents\Grado\Cuarto\TCI\Proyecto_robot\Proyecto\Balancing-Robot\TopBoard\SCH\Esp32.SchDoc with CMP-2000-07501-1 from TopBoardLib.SCHLIB
Replace Part SW2 CMP-2000-07501-1 in C:\Users\pedro\Documents\Grado\Cuarto\TCI\Proyecto_robot\Proyecto\Balancing-Robot\TopBoard\SCH\Esp32.SchDoc with CMP-2000-07501-1 from TopBoardLib.SCHLIB
Replace Part TP1 TestPoint in C:\Users\pedro\Documents\Grado\Cuarto\TCI\Proyecto_robot\Proyecto\Balancing-Robot\TopBoard\SCH\Esp32.SchDoc with TestPoint from TopBoardLib.SCHLIB
Replace Part TP2 TestPoint in C:\Users\pedro\Documents\Grado\Cuarto\TCI\Proyecto_robot\Proyecto\Balancing-Robot\TopBoard\SCH\Esp32.SchDoc with TestPoint from TopBoardLib.SCHLIB
Replace Part TP3 TestPoint in C:\Users\pedro\Documents\Grado\Cuarto\TCI\Proyecto_robot\Proyecto\Balancing-Robot\TopBoard\SCH\Esp32.SchDoc with TestPoint from TopBoardLib.SCHLIB
Replace Part TP4 TestPoint in C:\Users\pedro\Documents\Grado\Cuarto\TCI\Proyecto_robot\Proyecto\Balancing-Robot\TopBoard\SCH\Esp32.SchDoc with TestPoint from TopBoardLib.SCHLIB
Replace Part TP5 TestPoint in C:\Users\pedro\Documents\Grado\Cuarto\TCI\Proyecto_robot\Proyecto\Balancing-Robot\TopBoard\SCH\Esp32.SchDoc with TestPoint from TopBoardLib.SCHLIB
Replace Part TP6 TestPoint in C:\Users\pedro\Documents\Grado\Cuarto\TCI\Proyecto_robot\Proyecto\Balancing-Robot\TopBoard\SCH\Esp32.SchDoc with TestPoint from TopBoardLib.SCHLIB
