Added Component: Designator=BT(BAT_BK-18650-PC6)
Add component (AddParameter): Name = "Availability"; Value = "Unavailable"; VariantName = "[No Variations]"
Add component (AddParameter): Name = "MF"; Value = "MPD"; VariantName = "[No Variations]"
Add component (AddParameter): Name = "MP"; Value = "BK-18650-PC6"; VariantName = "[No Variations]"
Add component (AddParameter): Name = "Package"; Value = "None"; VariantName = "[No Variations]"
Add component (AddParameter): Name = "Price"; Value = "None"; VariantName = "[No Variations]"
Add component (AddParameter): Name = "SnapEDA_Link"; Value = "https://www.snapeda.com/parts/BK-18650-PC6/MPD/view-part/4480464/?ref=snap"; VariantName = "[No Variations]"
Add component (AddParameter): Name = "Value"; Value = ""; VariantName = "[No Variations]"
Added Component: Designator=J?(JST XH B4B-XH-A)
Add component (AddParameter): Name = "ComponentLink1Description"; Value = "Datasheet"; VariantName = "[No Variations]"
Add component (AddParameter): Name = "ComponentLink1URL"; Value = "http://www.jst-mfg.com/product/pdf/eng/eXH.pdf"; VariantName = "[No Variations]"
Add component (AddParameter): Name = "ComponentLink2Description"; Value = "DigiKey Link"; VariantName = "[No Variations]"
Add component (AddParameter): Name = "ComponentLink2URL"; Value = "http://digikey.com/product-detail/en/jst-sales-america-inc/B4B-XH-A-LF-SN/455-2249-ND/1651047"; VariantName = "[No Variations]"
Add component (AddParameter): Name = "Connector Type"; Value = "Header"; VariantName = "[No Variations]"
Add component (AddParameter): Name = "Contact Finish - Mating"; Value = "Tin"; VariantName = "[No Variations]"
Add component (AddParameter): Name = "Contact Finish - Post"; Value = "Tin"; VariantName = "[No Variations]"
Add component (AddParameter): Name = "Contact Length - Post"; Value = "0.134" (3.40mm)"; VariantName = "[No Variations]"
Add component (AddParameter): Name = "Contact Material"; Value = "Brass"; VariantName = "[No Variations]"
Add component (AddParameter): Name = "Contact Shape"; Value = "Square"; VariantName = "[No Variations]"
Add component (AddParameter): Name = "Contact Type"; Value = "Male Pin"; VariantName = "[No Variations]"
Add component (AddParameter): Name = "Current Rating (Amps)"; Value = "3A"; VariantName = "[No Variations]"
Add component (AddParameter): Name = "Fastening Type"; Value = "Detent Lock"; VariantName = "[No Variations]"
Add component (AddParameter): Name = "Insulation Color"; Value = "Natural"; VariantName = "[No Variations]"
Add component (AddParameter): Name = "Insulation Height"; Value = "0.276" (7.00mm)"; VariantName = "[No Variations]"
Add component (AddParameter): Name = "Insulation Material"; Value = "Polyamide (PA66), Nylon 6/6"; VariantName = "[No Variations]"
Add component (AddParameter): Name = "LastUpdated"; Value = "01/12/2020 23:46:34"; VariantName = "[No Variations]"
Add component (AddParameter): Name = "Lifecycle Status"; Value = "Active"; VariantName = "[No Variations]"
Add component (AddParameter): Name = "Manufacturer"; Value = "JST Sales America Inc."; VariantName = "[No Variations]"
Add component (AddParameter): Name = "Material Flammability Rating"; Value = "UL94 V-0"; VariantName = "[No Variations]"
Add component (AddParameter): Name = "Minimum Order"; Value = "1"; VariantName = "[No Variations]"
Add component (AddParameter): Name = "Mounting Type"; Value = "Through Hole"; VariantName = "[No Variations]"
Add component (AddParameter): Name = "Number of Positions"; Value = "4"; VariantName = "[No Variations]"
Add component (AddParameter): Name = "Number of Positions Loaded"; Value = "All"; VariantName = "[No Variations]"
Add component (AddParameter): Name = "Number of Rows"; Value = "1"; VariantName = "[No Variations]"
Add component (AddParameter): Name = "Operating Temperature"; Value = "-25°C ~ 85°C"; VariantName = "[No Variations]"
Add component (AddParameter): Name = "Packaging"; Value = "Bulk"; VariantName = "[No Variations]"
Add component (AddParameter): Name = "Part Number"; Value = "B4B-XH-A(LF)(SN)"; VariantName = "[No Variations]"
Add component (AddParameter): Name = "Part Status"; Value = "Active"; VariantName = "[No Variations]"
Add component (AddParameter): Name = "PartId"; Value = "69"; VariantName = "[No Variations]"
Add component (AddParameter): Name = "Pitch - Mating"; Value = "0.098" (2.50mm)"; VariantName = "[No Variations]"
Add component (AddParameter): Name = "Price"; Value = "0.21"; VariantName = "[No Variations]"
Add component (AddParameter): Name = "Series"; Value = "XH"; VariantName = "[No Variations]"
Add component (AddParameter): Name = "Shrouding"; Value = "Shrouded - 4 Wall"; VariantName = "[No Variations]"
Add component (AddParameter): Name = "Style"; Value = "Board to Cable/Wire"; VariantName = "[No Variations]"
Add component (AddParameter): Name = "Supplier 1"; Value = "DigiKey"; VariantName = "[No Variations]"
Add component (AddParameter): Name = "Supplier Part Number 1"; Value = "455-2249-ND"; VariantName = "[No Variations]"
Add component (AddParameter): Name = "Termination"; Value = "Press-Fit, Solder"; VariantName = "[No Variations]"
Add component (AddParameter): Name = "Voltage Rating"; Value = "250V"; VariantName = "[No Variations]"
Added Component: Designator=J?(JST BM04B-PASS-TF)
Add component (AddParameter): Name = "ComponentLink1Description"; Value = "Datasheet"; VariantName = "[No Variations]"
Add component (AddParameter): Name = "ComponentLink1URL"; Value = "http://www.jst-mfg.com/product/pdf/eng/ePA-F.pdf"; VariantName = "[No Variations]"
Add component (AddParameter): Name = "ComponentLink2Description"; Value = "DigiKey Link"; VariantName = "[No Variations]"
Add component (AddParameter): Name = "ComponentLink2URL"; Value = "http://digikey.com/product-detail/en/jst-sales-america-inc/BM04B-PASS-1-TFT-LF-SN/455-2639-1-ND/2773434"; VariantName = "[No Variations]"
Add component (AddParameter): Name = "Connector Type"; Value = "Header"; VariantName = "[No Variations]"
Add component (AddParameter): Name = "Contact Finish - Mating"; Value = "Tin"; VariantName = "[No Variations]"
Add component (AddParameter): Name = "Contact Finish - Post"; Value = "Tin"; VariantName = "[No Variations]"
Add component (AddParameter): Name = "Contact Material"; Value = "Copper Alloy"; VariantName = "[No Variations]"
Add component (AddParameter): Name = "Contact Shape"; Value = "Square"; VariantName = "[No Variations]"
Add component (AddParameter): Name = "Contact Type"; Value = "Male Pin"; VariantName = "[No Variations]"
Add component (AddParameter): Name = "Current Rating (Amps)"; Value = "3A"; VariantName = "[No Variations]"
Add component (AddParameter): Name = "Fastening Type"; Value = "Locking Ramp"; VariantName = "[No Variations]"
Add component (AddParameter): Name = "Features"; Value = "Board Guide, Pick and Place, Solder Retention"; VariantName = "[No Variations]"
Add component (AddParameter): Name = "Insulation Color"; Value = "Natural"; VariantName = "[No Variations]"
Add component (AddParameter): Name = "Insulation Height"; Value = "0.350" (8.89mm)"; VariantName = "[No Variations]"
Add component (AddParameter): Name = "Insulation Material"; Value = "Polyamide (PA), Nylon"; VariantName = "[No Variations]"
Add component (AddParameter): Name = "LastUpdated"; Value = "01/15/2020 03:48:00"; VariantName = "[No Variations]"
Add component (AddParameter): Name = "Lifecycle Status"; Value = "Active"; VariantName = "[No Variations]"
Add component (AddParameter): Name = "Manufacturer"; Value = "JST Sales America Inc."; VariantName = "[No Variations]"
Add component (AddParameter): Name = "Material Flammability Rating"; Value = "UL94 V-0"; VariantName = "[No Variations]"
Add component (AddParameter): Name = "Minimum Order"; Value = "1"; VariantName = "[No Variations]"
Add component (AddParameter): Name = "Mounting Type"; Value = "Surface Mount"; VariantName = "[No Variations]"
Add component (AddParameter): Name = "Number of Positions"; Value = "4"; VariantName = "[No Variations]"
Add component (AddParameter): Name = "Number of Positions Loaded"; Value = "All"; VariantName = "[No Variations]"
Add component (AddParameter): Name = "Number of Rows"; Value = "1"; VariantName = "[No Variations]"
Add component (AddParameter): Name = "Operating Temperature"; Value = "-25°C ~ 85°C"; VariantName = "[No Variations]"
Add component (AddParameter): Name = "Packaging"; Value = "TapeAndReel"; VariantName = "[No Variations]"
Add component (AddParameter): Name = "Part Number"; Value = "BM04B-PASS-1-TFT(LF)(SN)"; VariantName = "[No Variations]"
Add component (AddParameter): Name = "Part Status"; Value = "Active"; VariantName = "[No Variations]"
Add component (AddParameter): Name = "PartId"; Value = "121"; VariantName = "[No Variations]"
Add component (AddParameter): Name = "Pitch - Mating"; Value = "0.079" (2.00mm)"; VariantName = "[No Variations]"
Add component (AddParameter): Name = "Price"; Value = "0.49"; VariantName = "[No Variations]"
Add component (AddParameter): Name = "Series"; Value = "PA"; VariantName = "[No Variations]"
Add component (AddParameter): Name = "Shrouding"; Value = "Shrouded - 4 Wall"; VariantName = "[No Variations]"
Add component (AddParameter): Name = "Style"; Value = "Board to Cable/Wire"; VariantName = "[No Variations]"
Add component (AddParameter): Name = "Supplier 1"; Value = "DigiKey"; VariantName = "[No Variations]"
Add component (AddParameter): Name = "Supplier Part Number 1"; Value = "455-2639-1-ND"; VariantName = "[No Variations]"
Add component (AddParameter): Name = "Termination"; Value = "Solder"; VariantName = "[No Variations]"
Add component (AddParameter): Name = "Voltage Rating"; Value = "250V"; VariantName = "[No Variations]"
Added Component: Designator=J?(JST B4B-PH-K)
Add component (AddParameter): Name = "ComponentLink1Description"; Value = "Datasheet"; VariantName = "[No Variations]"
Add component (AddParameter): Name = "ComponentLink1URL"; Value = "http://www.jst-mfg.com/product/pdf/eng/ePH.pdf"; VariantName = "[No Variations]"
Add component (AddParameter): Name = "ComponentLink2Description"; Value = "DigiKey Link"; VariantName = "[No Variations]"
Add component (AddParameter): Name = "ComponentLink2URL"; Value = "http://digikey.com/product-detail/en/jst-sales-america-inc/B4B-PH-K-S-LF-SN/455-1706-ND/926613"; VariantName = "[No Variations]"
Add component (AddParameter): Name = "Connector Type"; Value = "Header"; VariantName = "[No Variations]"
Add component (AddParameter): Name = "Contact Finish - Mating"; Value = "Tin"; VariantName = "[No Variations]"
Add component (AddParameter): Name = "Contact Finish - Post"; Value = "Tin"; VariantName = "[No Variations]"
Add component (AddParameter): Name = "Contact Length - Mating"; Value = "0.130" (3.30mm)"; VariantName = "[No Variations]"
Add component (AddParameter): Name = "Contact Length - Post"; Value = "0.134" (3.40mm)"; VariantName = "[No Variations]"
Add component (AddParameter): Name = "Contact Material"; Value = "Brass"; VariantName = "[No Variations]"
Add component (AddParameter): Name = "Contact Shape"; Value = "Square"; VariantName = "[No Variations]"
Add component (AddParameter): Name = "Contact Type"; Value = "Male Pin"; VariantName = "[No Variations]"
Add component (AddParameter): Name = "Current Rating (Amps)"; Value = "2A"; VariantName = "[No Variations]"
Add component (AddParameter): Name = "Fastening Type"; Value = "Detent Lock"; VariantName = "[No Variations]"
Add component (AddParameter): Name = "Insulation Color"; Value = "Natural"; VariantName = "[No Variations]"
Add component (AddParameter): Name = "Insulation Height"; Value = "0.236" (6.00mm)"; VariantName = "[No Variations]"
Add component (AddParameter): Name = "Insulation Material"; Value = "Polyamide (PA66), Nylon 6/6"; VariantName = "[No Variations]"
Add component (AddParameter): Name = "LastUpdated"; Value = "01/12/2020 22:29:40"; VariantName = "[No Variations]"
Add component (AddParameter): Name = "Lifecycle Status"; Value = "Active"; VariantName = "[No Variations]"
Add component (AddParameter): Name = "Manufacturer"; Value = "JST Sales America Inc."; VariantName = "[No Variations]"
Add component (AddParameter): Name = "Material Flammability Rating"; Value = "UL94 V-0"; VariantName = "[No Variations]"
Add component (AddParameter): Name = "Minimum Order"; Value = "1"; VariantName = "[No Variations]"
Add component (AddParameter): Name = "Mounting Type"; Value = "Through Hole"; VariantName = "[No Variations]"
Add component (AddParameter): Name = "Number of Positions"; Value = "4"; VariantName = "[No Variations]"
Add component (AddParameter): Name = "Number of Positions Loaded"; Value = "All"; VariantName = "[No Variations]"
Add component (AddParameter): Name = "Number of Rows"; Value = "1"; VariantName = "[No Variations]"
Add component (AddParameter): Name = "Operating Temperature"; Value = "-25°C ~ 85°C"; VariantName = "[No Variations]"
Add component (AddParameter): Name = "Overall Contact Length"; Value = "0.333" (8.45mm)"; VariantName = "[No Variations]"
Add component (AddParameter): Name = "Packaging"; Value = "Bulk"; VariantName = "[No Variations]"
Add component (AddParameter): Name = "Part Number"; Value = "B4B-PH-K-S(LF)(SN)"; VariantName = "[No Variations]"
Add component (AddParameter): Name = "Part Status"; Value = "Active"; VariantName = "[No Variations]"
Add component (AddParameter): Name = "PartId"; Value = "27"; VariantName = "[No Variations]"
Add component (AddParameter): Name = "Pitch - Mating"; Value = "0.079" (2.00mm)"; VariantName = "[No Variations]"
Add component (AddParameter): Name = "Price"; Value = "0.24"; VariantName = "[No Variations]"
Add component (AddParameter): Name = "Series"; Value = "PH"; VariantName = "[No Variations]"
Add component (AddParameter): Name = "Shrouding"; Value = "Shrouded - 4 Wall"; VariantName = "[No Variations]"
Add component (AddParameter): Name = "Style"; Value = "Board to Cable/Wire"; VariantName = "[No Variations]"
Add component (AddParameter): Name = "Supplier 1"; Value = "DigiKey"; VariantName = "[No Variations]"
Add component (AddParameter): Name = "Supplier Part Number 1"; Value = "455-1706-ND"; VariantName = "[No Variations]"
Add component (AddParameter): Name = "Termination"; Value = "Press-Fit, Solder"; VariantName = "[No Variations]"
Add component (AddParameter): Name = "Voltage Rating"; Value = "100V"; VariantName = "[No Variations]"
Added Component: Designator=P?(BMS)
Added Pin To Net: NetName=NetBT_1+ Pin=BT-1+
Added Pin To Net: NetName=NetBT_1+ Pin=P?-1
Added Net: Name=NetBT_1+
Added Pin To Net: NetName=NetBT_1- Pin=BT-1-
Added Pin To Net: NetName=NetBT_1- Pin=BT-2+
Added Pin To Net: NetName=NetBT_1- Pin=P?-2
Added Net: Name=NetBT_1-
Added Pin To Net: NetName=NetBT_2- Pin=BT-2-
Added Pin To Net: NetName=NetBT_2- Pin=BT-3+
Added Pin To Net: NetName=NetBT_2- Pin=P?-4
Added Net: Name=NetBT_2-
Added Pin To Net: NetName=NetBT_3- Pin=BT-3-
Added Pin To Net: NetName=NetBT_3- Pin=P?-3
Added Net: Name=NetBT_3-
Added Member To Class: ClassName=BottomBoard Member=Component BT BK-18650-PC6
Added Member To Class: ClassName=BottomBoard Member=Component J? B4B-XH-A(LF)(SN)
Added Member To Class: ClassName=BottomBoard Member=Component J? BM04B-PASS-1-TFT(LF)(SN)
Added Member To Class: ClassName=BottomBoard Member=Component J? B4B-PH-K-S(LF)(SN)
Added Member To Class: ClassName=BottomBoard Member=Component P? BMS3S10A
Added Room: Name=BottomBoard
